Using pre-set license
Built from '2020.3/release' branch; Version is '2020.3.2f1 (8fd9074bf66c) revision 9427207'; Using compiler version '192528614'; Build Type 'Release'
OS: 'Windows 10 Pro; OS build 18363.1440; Version 1909; 64bit' Language: 'ko' Physical Memory: 16315 MB
BatchMode: 1, IsHumanControllingUs: 0, StartBugReporterOnCrash: 0, Is64bit: 1, IsPro: 0

 COMMAND LINE ARGUMENTS:
C:\Program Files\Unity\Hub\Editor\2020.3.2f1\Editor\Unity.exe
-adb2
-batchMode
-noUpm
-name
AssetImportWorker0
-projectPath
C:/Users/DMC CONET/Downloads/NewDeal_2021
-logFile
Logs/AssetImportWorker0.log
-srvPort
53065
Successfully changed project path to: C:/Users/DMC CONET/Downloads/NewDeal_2021
C:/Users/DMC CONET/Downloads/NewDeal_2021
Using Asset Import Pipeline V2.
Refreshing native plugins compatible for Editor in 24.20 ms, found 0 plugins.
Preloading 0 native plugins for Editor in 0.00 ms.
Initialize engine version: 2020.3.2f1 (8fd9074bf66c)
[Subsystems] Discovering subsystems at path C:/Program Files/Unity/Hub/Editor/2020.3.2f1/Editor/Data/Resources/UnitySubsystems
[Subsystems] Discovering subsystems at path C:/Users/DMC CONET/Downloads/NewDeal_2021/Assets
GfxDevice: creating device client; threaded=0
Direct3D:
    Version:  Direct3D 11.0 [level 11.1]
    Renderer: NVIDIA GeForce GTX 1660 SUPER (ID=0x21c4)
    Vendor:   
    VRAM:     5991 MB
    Driver:   27.21.14.5751
Initialize mono
Mono path[0] = 'C:/Program Files/Unity/Hub/Editor/2020.3.2f1/Editor/Data/Managed'
Mono path[1] = 'C:/Program Files/Unity/Hub/Editor/2020.3.2f1/Editor/Data/MonoBleedingEdge/lib/mono/unityjit'
Mono config path = 'C:/Program Files/Unity/Hub/Editor/2020.3.2f1/Editor/Data/MonoBleedingEdge/etc'
Using monoOptions --debugger-agent=transport=dt_socket,embedding=1,server=y,suspend=n,address=127.0.0.1:56364
Begin MonoManager ReloadAssembly
Registering precompiled unity dll's ...
Register platform support module: C:/Program Files/Unity/Hub/Editor/2020.3.2f1/Editor/Data/PlaybackEngines/WindowsStandaloneSupport/UnityEditor.WindowsStandalone.Extensions.dll
Registered in 0.001267 seconds.
Native extension for WindowsStandalone target not found
Refreshing native plugins compatible for Editor in 24.35 ms, found 0 plugins.
Preloading 0 native plugins for Editor in 0.00 ms.
Invoked RoslynAnalysisRunner static constructor.
RoslynAnalysisRunner will not be running.
RoslynAnalysisRunner has terminated.
Mono: successfully reloaded assembly
- Completed reload, in  1.319 seconds
Platform modules already initialized, skipping
Registering precompiled user dll's ...
Registered in 0.000498 seconds.
Begin MonoManager ReloadAssembly
Native extension for WindowsStandalone target not found
Refreshing native plugins compatible for Editor in 0.23 ms, found 0 plugins.
Preloading 0 native plugins for Editor in 0.00 ms.
Invoked RoslynAnalysisRunner static constructor.
RoslynAnalysisRunner will not be running.
RoslynAnalysisRunner has terminated.
Mono: successfully reloaded assembly
- Completed reload, in  0.675 seconds
Platform modules already initialized, skipping
========================================================================
Worker process is ready to serve import requests
Launched and connected shader compiler UnityShaderCompiler.exe after 0.03 seconds
Refreshing native plugins compatible for Editor in 0.23 ms, found 0 plugins.
Preloading 0 native plugins for Editor in 0.00 ms.
Unloading 1166 Unused Serialized files (Serialized files now loaded: 0)
System memory in use before: 61.5 MB.
System memory in use after: 61.6 MB.

Unloading 10 unused Assets to reduce memory usage. Loaded Objects now: 1609.
Total: 1.721800 ms (FindLiveObjects: 0.138000 ms CreateObjectMapping: 0.062800 ms MarkObjects: 1.460300 ms  DeleteObjects: 0.060000 ms)

========================================================================
Received Import Request.
  path: Assets/Scripts/ShootingGame/EnemyMove.cs
  artifactKey: Guid(f45ca095e97d9684dad2b7069e8b2b9b) Importer(815301076,1909f56bfc062723c751e8b465ee728b)
Start importing Assets/Scripts/ShootingGame/EnemyMove.cs using Guid(f45ca095e97d9684dad2b7069e8b2b9b) Importer(815301076,1909f56bfc062723c751e8b465ee728b)  -> (artifact id: 'f01619fba3c6a6261cde7bd23ef699ee') in 0.015755 seconds
  Import took 0.017405 seconds .

========================================================================
Received Prepare
Registering precompiled user dll's ...
Registered in 0.000474 seconds.
Begin MonoManager ReloadAssembly
Native extension for WindowsStandalone target not found
Refreshing native plugins compatible for Editor in 0.25 ms, found 0 plugins.
Preloading 0 native plugins for Editor in 0.00 ms.
Invoked RoslynAnalysisRunner static constructor.
RoslynAnalysisRunner will not be running.
RoslynAnalysisRunner has terminated.
Mono: successfully reloaded assembly
- Completed reload, in  0.661 seconds
Platform modules already initialized, skipping
Refreshing native plugins compatible for Editor in 0.23 ms, found 0 plugins.
Preloading 0 native plugins for Editor in 0.00 ms.
Unloading 1160 Unused Serialized files (Serialized files now loaded: 0)
System memory in use before: 61.4 MB.
System memory in use after: 61.4 MB.

Unloading 5 unused Assets to reduce memory usage. Loaded Objects now: 1612.
Total: 1.551400 ms (FindLiveObjects: 0.133400 ms CreateObjectMapping: 0.036200 ms MarkObjects: 1.330000 ms  DeleteObjects: 0.050600 ms)

========================================================================
Received Import Request.
  Time since last request: 17.856952 seconds.
  path: Assets/Prefabs/Enemy.prefab
  artifactKey: Guid(7a3f26ff78451e340beaf98e473689a5) Importer(815301076,1909f56bfc062723c751e8b465ee728b)
Start importing Assets/Prefabs/Enemy.prefab using Guid(7a3f26ff78451e340beaf98e473689a5) Importer(815301076,1909f56bfc062723c751e8b465ee728b)  -> (artifact id: 'a441209ba3a370ea56dad66d037b9272') in 0.080861 seconds
  Import took 0.083712 seconds .

========================================================================
Received Import Request.
  Time since last request: 4.161545 seconds.
  path: Assets/Prefabs/Enemy.prefab
  artifactKey: Guid(7a3f26ff78451e340beaf98e473689a5) Importer(815301076,1909f56bfc062723c751e8b465ee728b)
Start importing Assets/Prefabs/Enemy.prefab using Guid(7a3f26ff78451e340beaf98e473689a5) Importer(815301076,1909f56bfc062723c751e8b465ee728b)  -> (artifact id: '8f72dbb64963cbe4e2d8ecb35233da10') in 0.010401 seconds
  Import took 0.013334 seconds .

========================================================================
Received Prepare
Registering precompiled user dll's ...
Registered in 0.000521 seconds.
Begin MonoManager ReloadAssembly
Native extension for WindowsStandalone target not found
Refreshing native plugins compatible for Editor in 0.23 ms, found 0 plugins.
Preloading 0 native plugins for Editor in 0.00 ms.
Invoked RoslynAnalysisRunner static constructor.
RoslynAnalysisRunner will not be running.
RoslynAnalysisRunner has terminated.
Mono: successfully reloaded assembly
- Completed reload, in  0.638 seconds
Platform modules already initialized, skipping
Refreshing native plugins compatible for Editor in 0.23 ms, found 0 plugins.
Preloading 0 native plugins for Editor in 0.00 ms.
Unloading 1160 Unused Serialized files (Serialized files now loaded: 0)
System memory in use before: 64.5 MB.
System memory in use after: 64.6 MB.

Unloading 5 unused Assets to reduce memory usage. Loaded Objects now: 1622.
Total: 1.456600 ms (FindLiveObjects: 0.115500 ms CreateObjectMapping: 0.033500 ms MarkObjects: 1.240100 ms  DeleteObjects: 0.066700 ms)

========================================================================
Received Prepare
Registering precompiled user dll's ...
Registered in 0.000638 seconds.
Begin MonoManager ReloadAssembly
Native extension for WindowsStandalone target not found
Refreshing native plugins compatible for Editor in 0.24 ms, found 0 plugins.
Preloading 0 native plugins for Editor in 0.00 ms.
Invoked RoslynAnalysisRunner static constructor.
RoslynAnalysisRunner will not be running.
RoslynAnalysisRunner has terminated.
Mono: successfully reloaded assembly
- Completed reload, in  0.702 seconds
Platform modules already initialized, skipping
Refreshing native plugins compatible for Editor in 0.26 ms, found 0 plugins.
Preloading 0 native plugins for Editor in 0.00 ms.
Unloading 1160 Unused Serialized files (Serialized files now loaded: 0)
System memory in use before: 64.5 MB.
System memory in use after: 64.6 MB.

Unloading 5 unused Assets to reduce memory usage. Loaded Objects now: 1625.
Total: 1.570600 ms (FindLiveObjects: 0.142100 ms CreateObjectMapping: 0.036900 ms MarkObjects: 1.346700 ms  DeleteObjects: 0.043900 ms)

========================================================================
Received Prepare
Registering precompiled user dll's ...
Registered in 0.000602 seconds.
Begin MonoManager ReloadAssembly
Native extension for WindowsStandalone target not found
Refreshing native plugins compatible for Editor in 0.23 ms, found 0 plugins.
Preloading 0 native plugins for Editor in 0.00 ms.
Invoked RoslynAnalysisRunner static constructor.
RoslynAnalysisRunner will not be running.
RoslynAnalysisRunner has terminated.
Mono: successfully reloaded assembly
- Completed reload, in  0.647 seconds
Platform modules already initialized, skipping
Refreshing native plugins compatible for Editor in 0.25 ms, found 0 plugins.
Preloading 0 native plugins for Editor in 0.00 ms.
Unloading 1160 Unused Serialized files (Serialized files now loaded: 0)
System memory in use before: 64.5 MB.
System memory in use after: 64.6 MB.

Unloading 5 unused Assets to reduce memory usage. Loaded Objects now: 1628.
Total: 1.420800 ms (FindLiveObjects: 0.143500 ms CreateObjectMapping: 0.042300 ms MarkObjects: 1.192200 ms  DeleteObjects: 0.041800 ms)

========================================================================
Received Import Request.
  Time since last request: 7055.483429 seconds.
  path: Assets/Scripts/ShootingGame/Algo4.cs
  artifactKey: Guid(a60e285a6ebd22a42b44089b4e7322a4) Importer(815301076,1909f56bfc062723c751e8b465ee728b)
Start importing Assets/Scripts/ShootingGame/Algo4.cs using Guid(a60e285a6ebd22a42b44089b4e7322a4) Importer(815301076,1909f56bfc062723c751e8b465ee728b)  -> (artifact id: '6f6e418a019b6958f27abc709256acac') in 0.011078 seconds
  Import took 0.014096 seconds .

========================================================================
Received Prepare
Registering precompiled user dll's ...
Registered in 0.000514 seconds.
Begin MonoManager ReloadAssembly
Native extension for WindowsStandalone target not found
Refreshing native plugins compatible for Editor in 0.26 ms, found 0 plugins.
Preloading 0 native plugins for Editor in 0.00 ms.
Invoked RoslynAnalysisRunner static constructor.
RoslynAnalysisRunner will not be running.
RoslynAnalysisRunner has terminated.
Mono: successfully reloaded assembly
- Completed reload, in  0.682 seconds
Platform modules already initialized, skipping
Refreshing native plugins compatible for Editor in 0.24 ms, found 0 plugins.
Preloading 0 native plugins for Editor in 0.00 ms.
Unloading 1161 Unused Serialized files (Serialized files now loaded: 0)
System memory in use before: 64.6 MB.
System memory in use after: 64.6 MB.

Unloading 5 unused Assets to reduce memory usage. Loaded Objects now: 1632.
Total: 1.483300 ms (FindLiveObjects: 0.127500 ms CreateObjectMapping: 0.029900 ms MarkObjects: 1.276700 ms  DeleteObjects: 0.048200 ms)

========================================================================
Received Prepare
Registering precompiled user dll's ...
Registered in 0.000842 seconds.
Begin MonoManager ReloadAssembly
Native extension for WindowsStandalone target not found
Refreshing native plugins compatible for Editor in 0.24 ms, found 0 plugins.
Preloading 0 native plugins for Editor in 0.00 ms.
Invoked RoslynAnalysisRunner static constructor.
RoslynAnalysisRunner will not be running.
RoslynAnalysisRunner has terminated.
Mono: successfully reloaded assembly
- Completed reload, in  0.651 seconds
Platform modules already initialized, skipping
Refreshing native plugins compatible for Editor in 0.24 ms, found 0 plugins.
Preloading 0 native plugins for Editor in 0.00 ms.
Unloading 1161 Unused Serialized files (Serialized files now loaded: 0)
System memory in use before: 64.6 MB.
System memory in use after: 64.7 MB.

Unloading 5 unused Assets to reduce memory usage. Loaded Objects now: 1635.
Total: 1.398700 ms (FindLiveObjects: 0.135300 ms CreateObjectMapping: 0.048800 ms MarkObjects: 1.174500 ms  DeleteObjects: 0.039400 ms)

========================================================================
Received Import Request.
  Time since last request: 1524.323288 seconds.
  path: Assets/Scripts/ShootingGame/Algo4.cs
  artifactKey: Guid(a60e285a6ebd22a42b44089b4e7322a4) Importer(815301076,1909f56bfc062723c751e8b465ee728b)
Start importing Assets/Scripts/ShootingGame/Algo4.cs using Guid(a60e285a6ebd22a42b44089b4e7322a4) Importer(815301076,1909f56bfc062723c751e8b465ee728b)  -> (artifact id: '17382a591913d7265d011b77719406b0') in 0.003483 seconds
  Import took 0.005191 seconds .

========================================================================
Received Prepare
Registering precompiled user dll's ...
Registered in 0.000592 seconds.
Begin MonoManager ReloadAssembly
Native extension for WindowsStandalone target not found
Refreshing native plugins compatible for Editor in 0.32 ms, found 0 plugins.
Preloading 0 native plugins for Editor in 0.00 ms.
Invoked RoslynAnalysisRunner static constructor.
RoslynAnalysisRunner will not be running.
RoslynAnalysisRunner has terminated.
Mono: successfully reloaded assembly
- Completed reload, in  0.694 seconds
Platform modules already initialized, skipping
Refreshing native plugins compatible for Editor in 0.24 ms, found 0 plugins.
Preloading 0 native plugins for Editor in 0.00 ms.
Unloading 1161 Unused Serialized files (Serialized files now loaded: 0)
System memory in use before: 64.6 MB.
System memory in use after: 64.7 MB.

Unloading 5 unused Assets to reduce memory usage. Loaded Objects now: 1638.
Total: 1.574500 ms (FindLiveObjects: 0.164900 ms CreateObjectMapping: 0.038500 ms MarkObjects: 1.323600 ms  DeleteObjects: 0.046600 ms)

========================================================================
Received Prepare
Registering precompiled user dll's ...
Registered in 0.000483 seconds.
Begin MonoManager ReloadAssembly
Native extension for WindowsStandalone target not found
Refreshing native plugins compatible for Editor in 0.27 ms, found 0 plugins.
Preloading 0 native plugins for Editor in 0.00 ms.
Invoked RoslynAnalysisRunner static constructor.
RoslynAnalysisRunner will not be running.
RoslynAnalysisRunner has terminated.
Mono: successfully reloaded assembly
- Completed reload, in  0.642 seconds
Platform modules already initialized, skipping
Refreshing native plugins compatible for Editor in 0.25 ms, found 0 plugins.
Preloading 0 native plugins for Editor in 0.00 ms.
Unloading 1161 Unused Serialized files (Serialized files now loaded: 0)
System memory in use before: 64.6 MB.
System memory in use after: 64.7 MB.

Unloading 5 unused Assets to reduce memory usage. Loaded Objects now: 1641.
Total: 1.729200 ms (FindLiveObjects: 0.125200 ms CreateObjectMapping: 0.035000 ms MarkObjects: 1.530200 ms  DeleteObjects: 0.038200 ms)

========================================================================
Received Prepare
Registering precompiled user dll's ...
Registered in 0.000512 seconds.
Begin MonoManager ReloadAssembly
Native extension for WindowsStandalone target not found
Refreshing native plugins compatible for Editor in 0.24 ms, found 0 plugins.
Preloading 0 native plugins for Editor in 0.00 ms.
Invoked RoslynAnalysisRunner static constructor.
RoslynAnalysisRunner will not be running.
RoslynAnalysisRunner has terminated.
Mono: successfully reloaded assembly
- Completed reload, in  0.641 seconds
Platform modules already initialized, skipping
Refreshing native plugins compatible for Editor in 0.25 ms, found 0 plugins.
Preloading 0 native plugins for Editor in 0.00 ms.
Unloading 1161 Unused Serialized files (Serialized files now loaded: 0)
System memory in use before: 64.6 MB.
System memory in use after: 64.7 MB.

Unloading 5 unused Assets to reduce memory usage. Loaded Objects now: 1644.
Total: 1.522600 ms (FindLiveObjects: 0.187700 ms CreateObjectMapping: 0.043200 ms MarkObjects: 1.248200 ms  DeleteObjects: 0.042200 ms)

========================================================================
Received Prepare
Registering precompiled user dll's ...
Registered in 0.000495 seconds.
Begin MonoManager ReloadAssembly
Native extension for WindowsStandalone target not found
Refreshing native plugins compatible for Editor in 0.23 ms, found 0 plugins.
Preloading 0 native plugins for Editor in 0.00 ms.
Invoked RoslynAnalysisRunner static constructor.
RoslynAnalysisRunner will not be running.
RoslynAnalysisRunner has terminated.
Mono: successfully reloaded assembly
- Completed reload, in  0.637 seconds
Platform modules already initialized, skipping
Refreshing native plugins compatible for Editor in 0.24 ms, found 0 plugins.
Preloading 0 native plugins for Editor in 0.00 ms.
Unloading 1161 Unused Serialized files (Serialized files now loaded: 0)
System memory in use before: 64.6 MB.
System memory in use after: 64.7 MB.

Unloading 5 unused Assets to reduce memory usage. Loaded Objects now: 1647.
Total: 1.360000 ms (FindLiveObjects: 0.126600 ms CreateObjectMapping: 0.032700 ms MarkObjects: 1.161900 ms  DeleteObjects: 0.038200 ms)

========================================================================
Received Prepare
Registering precompiled user dll's ...
Registered in 0.000541 seconds.
Begin MonoManager ReloadAssembly
Native extension for WindowsStandalone target not found
Refreshing native plugins compatible for Editor in 0.26 ms, found 0 plugins.
Preloading 0 native plugins for Editor in 0.00 ms.
Invoked RoslynAnalysisRunner static constructor.
RoslynAnalysisRunner will not be running.
RoslynAnalysisRunner has terminated.
Mono: successfully reloaded assembly
- Completed reload, in  0.637 seconds
Platform modules already initialized, skipping
Refreshing native plugins compatible for Editor in 0.24 ms, found 0 plugins.
Preloading 0 native plugins for Editor in 0.00 ms.
Unloading 1161 Unused Serialized files (Serialized files now loaded: 0)
System memory in use before: 64.6 MB.
System memory in use after: 64.7 MB.

Unloading 5 unused Assets to reduce memory usage. Loaded Objects now: 1650.
Total: 1.425200 ms (FindLiveObjects: 0.144000 ms CreateObjectMapping: 0.040500 ms MarkObjects: 1.203700 ms  DeleteObjects: 0.036300 ms)

========================================================================
Received Prepare
Registering precompiled user dll's ...
Registered in 0.000553 seconds.
Begin MonoManager ReloadAssembly
Native extension for WindowsStandalone target not found
Refreshing native plugins compatible for Editor in 0.24 ms, found 0 plugins.
Preloading 0 native plugins for Editor in 0.00 ms.
Invoked RoslynAnalysisRunner static constructor.
RoslynAnalysisRunner will not be running.
RoslynAnalysisRunner has terminated.
Mono: successfully reloaded assembly
- Completed reload, in  0.650 seconds
Platform modules already initialized, skipping
Refreshing native plugins compatible for Editor in 0.24 ms, found 0 plugins.
Preloading 0 native plugins for Editor in 0.00 ms.
Unloading 1161 Unused Serialized files (Serialized files now loaded: 0)
System memory in use before: 64.6 MB.
System memory in use after: 64.7 MB.

Unloading 5 unused Assets to reduce memory usage. Loaded Objects now: 1653.
Total: 1.429400 ms (FindLiveObjects: 0.144700 ms CreateObjectMapping: 0.040400 ms MarkObjects: 1.207000 ms  DeleteObjects: 0.036500 ms)

========================================================================
Received Prepare
Registering precompiled user dll's ...
Registered in 0.000501 seconds.
Begin MonoManager ReloadAssembly
Native extension for WindowsStandalone target not found
Refreshing native plugins compatible for Editor in 0.24 ms, found 0 plugins.
Preloading 0 native plugins for Editor in 0.00 ms.
Invoked RoslynAnalysisRunner static constructor.
RoslynAnalysisRunner will not be running.
RoslynAnalysisRunner has terminated.
Mono: successfully reloaded assembly
- Completed reload, in  0.641 seconds
Platform modules already initialized, skipping
Refreshing native plugins compatible for Editor in 0.26 ms, found 0 plugins.
Preloading 0 native plugins for Editor in 0.00 ms.
Unloading 1161 Unused Serialized files (Serialized files now loaded: 0)
System memory in use before: 64.6 MB.
System memory in use after: 64.7 MB.

Unloading 5 unused Assets to reduce memory usage. Loaded Objects now: 1656.
Total: 1.363000 ms (FindLiveObjects: 0.138600 ms CreateObjectMapping: 0.033500 ms MarkObjects: 1.147800 ms  DeleteObjects: 0.042000 ms)

========================================================================
Received Prepare
Registering precompiled user dll's ...
Registered in 0.000562 seconds.
Begin MonoManager ReloadAssembly
Native extension for WindowsStandalone target not found
Refreshing native plugins compatible for Editor in 0.24 ms, found 0 plugins.
Preloading 0 native plugins for Editor in 0.00 ms.
Invoked RoslynAnalysisRunner static constructor.
RoslynAnalysisRunner will not be running.
RoslynAnalysisRunner has terminated.
Mono: successfully reloaded assembly
- Completed reload, in  0.643 seconds
Platform modules already initialized, skipping
Refreshing native plugins compatible for Editor in 0.24 ms, found 0 plugins.
Preloading 0 native plugins for Editor in 0.00 ms.
Unloading 1161 Unused Serialized files (Serialized files now loaded: 0)
System memory in use before: 64.6 MB.
System memory in use after: 64.7 MB.

Unloading 5 unused Assets to reduce memory usage. Loaded Objects now: 1659.
Total: 1.460500 ms (FindLiveObjects: 0.155400 ms CreateObjectMapping: 0.034200 ms MarkObjects: 1.231500 ms  DeleteObjects: 0.038100 ms)

========================================================================
Received Prepare
Registering precompiled user dll's ...
Registered in 0.000557 seconds.
Begin MonoManager ReloadAssembly
Native extension for WindowsStandalone target not found
Refreshing native plugins compatible for Editor in 0.24 ms, found 0 plugins.
Preloading 0 native plugins for Editor in 0.00 ms.
Invoked RoslynAnalysisRunner static constructor.
RoslynAnalysisRunner will not be running.
RoslynAnalysisRunner has terminated.
Mono: successfully reloaded assembly
- Completed reload, in  0.641 seconds
Platform modules already initialized, skipping
Refreshing native plugins compatible for Editor in 0.24 ms, found 0 plugins.
Preloading 0 native plugins for Editor in 0.00 ms.
Unloading 1161 Unused Serialized files (Serialized files now loaded: 0)
System memory in use before: 64.6 MB.
System memory in use after: 64.7 MB.

Unloading 5 unused Assets to reduce memory usage. Loaded Objects now: 1662.
Total: 1.474200 ms (FindLiveObjects: 0.164500 ms CreateObjectMapping: 0.040800 ms MarkObjects: 1.226500 ms  DeleteObjects: 0.041100 ms)

========================================================================
Received Prepare
Registering precompiled user dll's ...
Registered in 0.000542 seconds.
Begin MonoManager ReloadAssembly
Native extension for WindowsStandalone target not found
Refreshing native plugins compatible for Editor in 0.28 ms, found 0 plugins.
Preloading 0 native plugins for Editor in 0.00 ms.
Invoked RoslynAnalysisRunner static constructor.
RoslynAnalysisRunner will not be running.
RoslynAnalysisRunner has terminated.
Mono: successfully reloaded assembly
- Completed reload, in  0.641 seconds
Platform modules already initialized, skipping
Refreshing native plugins compatible for Editor in 0.23 ms, found 0 plugins.
Preloading 0 native plugins for Editor in 0.00 ms.
Unloading 1161 Unused Serialized files (Serialized files now loaded: 0)
System memory in use before: 64.6 MB.
System memory in use after: 64.7 MB.

Unloading 5 unused Assets to reduce memory usage. Loaded Objects now: 1665.
Total: 1.463400 ms (FindLiveObjects: 0.142700 ms CreateObjectMapping: 0.034700 ms MarkObjects: 1.245000 ms  DeleteObjects: 0.040100 ms)

========================================================================
Received Prepare
Registering precompiled user dll's ...
Registered in 0.000543 seconds.
Begin MonoManager ReloadAssembly
Native extension for WindowsStandalone target not found
Refreshing native plugins compatible for Editor in 0.25 ms, found 0 plugins.
Preloading 0 native plugins for Editor in 0.00 ms.
Invoked RoslynAnalysisRunner static constructor.
RoslynAnalysisRunner will not be running.
RoslynAnalysisRunner has terminated.
Mono: successfully reloaded assembly
- Completed reload, in  0.644 seconds
Platform modules already initialized, skipping
Refreshing native plugins compatible for Editor in 0.24 ms, found 0 plugins.
Preloading 0 native plugins for Editor in 0.00 ms.
Unloading 1161 Unused Serialized files (Serialized files now loaded: 0)
System memory in use before: 64.6 MB.
System memory in use after: 64.7 MB.

Unloading 5 unused Assets to reduce memory usage. Loaded Objects now: 1668.
Total: 1.562500 ms (FindLiveObjects: 0.136300 ms CreateObjectMapping: 0.034500 ms MarkObjects: 1.353400 ms  DeleteObjects: 0.037400 ms)

========================================================================
Received Prepare
Registering precompiled user dll's ...
Registered in 0.000530 seconds.
Begin MonoManager ReloadAssembly
Native extension for WindowsStandalone target not found
Refreshing native plugins compatible for Editor in 0.24 ms, found 0 plugins.
Preloading 0 native plugins for Editor in 0.00 ms.
Invoked RoslynAnalysisRunner static constructor.
RoslynAnalysisRunner will not be running.
RoslynAnalysisRunner has terminated.
Mono: successfully reloaded assembly
- Completed reload, in  0.638 seconds
Platform modules already initialized, skipping
Refreshing native plugins compatible for Editor in 0.24 ms, found 0 plugins.
Preloading 0 native plugins for Editor in 0.00 ms.
Unloading 1161 Unused Serialized files (Serialized files now loaded: 0)
System memory in use before: 64.6 MB.
System memory in use after: 64.7 MB.

Unloading 5 unused Assets to reduce memory usage. Loaded Objects now: 1671.
Total: 1.450500 ms (FindLiveObjects: 0.165800 ms CreateObjectMapping: 0.045900 ms MarkObjects: 1.199500 ms  DeleteObjects: 0.038400 ms)

========================================================================
Received Import Request.
  Time since last request: 976.182622 seconds.
  path: Assets/8-Bit Style Sound Effects/Regular/Blip_C_01.wav
  artifactKey: Guid(edae8a199c1540e4ab11086d1d18915d) Importer(815301076,1909f56bfc062723c751e8b465ee728b)
Start importing Assets/8-Bit Style Sound Effects/Regular/Blip_C_01.wav using Guid(edae8a199c1540e4ab11086d1d18915d) Importer(815301076,1909f56bfc062723c751e8b465ee728b)  -> (artifact id: '2aaf98f8d633730a8b2f00f470f6db60') in 0.070863 seconds
  Import took 0.073249 seconds .

========================================================================
Received Import Request.
  Time since last request: 0.002536 seconds.
  path: Assets/8-Bit Style Sound Effects/Regular/Boom_C_08.wav
  artifactKey: Guid(3812ec0ee2f17ef41b0c5ec2438d5c69) Importer(815301076,1909f56bfc062723c751e8b465ee728b)
Start importing Assets/8-Bit Style Sound Effects/Regular/Boom_C_08.wav using Guid(3812ec0ee2f17ef41b0c5ec2438d5c69) Importer(815301076,1909f56bfc062723c751e8b465ee728b)  -> (artifact id: '1620da310dc0cf19e238f06143945107') in 0.009328 seconds
  Import took 0.011266 seconds .

========================================================================
Received Import Request.
  Time since last request: 0.033864 seconds.
  path: Assets/8-Bit Style Sound Effects/Regular/Blip_C_05.wav
  artifactKey: Guid(c14a4a7cae838e24a82336dbb48393ac) Importer(815301076,1909f56bfc062723c751e8b465ee728b)
Start importing Assets/8-Bit Style Sound Effects/Regular/Blip_C_05.wav using Guid(c14a4a7cae838e24a82336dbb48393ac) Importer(815301076,1909f56bfc062723c751e8b465ee728b)  -> (artifact id: '36718ea3fb5e1aca9d653429da192cc1') in 0.009105 seconds
  Import took 0.011315 seconds .

========================================================================
Received Import Request.
  Time since last request: 0.299199 seconds.
  path: Assets/Scripts/ShootingGame/PlayerFIre.cs
  artifactKey: Guid(89591e210a01e8946a97cc11a77edbb9) Importer(815301076,1909f56bfc062723c751e8b465ee728b)
Start importing Assets/Scripts/ShootingGame/PlayerFIre.cs using Guid(89591e210a01e8946a97cc11a77edbb9) Importer(815301076,1909f56bfc062723c751e8b465ee728b)  -> (artifact id: 'a24e7a3f2edfef6d6f51be003be00846') in 0.006020 seconds
  Import took 0.008029 seconds .

========================================================================
Received Import Request.
  Time since last request: 0.042655 seconds.
  path: Assets/8-Bit Style Sound Effects/Regular/Zap_C_03.wav
  artifactKey: Guid(bb73d8cc45e523b4493a23daf4a7f23b) Importer(815301076,1909f56bfc062723c751e8b465ee728b)
Start importing Assets/8-Bit Style Sound Effects/Regular/Zap_C_03.wav using Guid(bb73d8cc45e523b4493a23daf4a7f23b) Importer(815301076,1909f56bfc062723c751e8b465ee728b)  -> (artifact id: '18f06e9a971f3ad28674f7405a841992') in 0.008507 seconds
  Import took 0.010396 seconds .

========================================================================
Received Import Request.
  Time since last request: 0.020539 seconds.
  path: Assets/8-Bit Style Sound Effects/Lo-Fi_8-Bit_11025Hz [Tiny Files]/Blip_C_07_8-Bit_11025Hz.wav
  artifactKey: Guid(4d256d8070170c741822ef3f3c24b2dc) Importer(815301076,1909f56bfc062723c751e8b465ee728b)
Start importing Assets/8-Bit Style Sound Effects/Lo-Fi_8-Bit_11025Hz [Tiny Files]/Blip_C_07_8-Bit_11025Hz.wav using Guid(4d256d8070170c741822ef3f3c24b2dc) Importer(815301076,1909f56bfc062723c751e8b465ee728b)  -> (artifact id: '6f4ba5c3673979d2616410522e55b477') in 0.007646 seconds
  Import took 0.009502 seconds .

========================================================================
Received Import Request.
  Time since last request: 0.083716 seconds.
  path: Assets/8-Bit Style Sound Effects/Lo-Fi_8-Bit_11025Hz [Tiny Files]/Loading 02_8-Bit_11025Hz.wav
  artifactKey: Guid(3d34157f374ee9f42a41bea65cd55d49) Importer(815301076,1909f56bfc062723c751e8b465ee728b)
Start importing Assets/8-Bit Style Sound Effects/Lo-Fi_8-Bit_11025Hz [Tiny Files]/Loading 02_8-Bit_11025Hz.wav using Guid(3d34157f374ee9f42a41bea65cd55d49) Importer(815301076,1909f56bfc062723c751e8b465ee728b)  -> (artifact id: '12a06583158ee4cc6c5ec1b9c7ccf33f') in 0.010111 seconds
  Import took 0.012404 seconds .

========================================================================
Received Import Request.
  Time since last request: 0.099709 seconds.
  path: Assets/8-Bit Style Sound Effects/Lo-Fi_8-Bit_11025Hz [Tiny Files]/Blip_C_08_8-Bit_11025Hz.wav
  artifactKey: Guid(883acfd132926d54b864f023c6f3220d) Importer(815301076,1909f56bfc062723c751e8b465ee728b)
Start importing Assets/8-Bit Style Sound Effects/Lo-Fi_8-Bit_11025Hz [Tiny Files]/Blip_C_08_8-Bit_11025Hz.wav using Guid(883acfd132926d54b864f023c6f3220d) Importer(815301076,1909f56bfc062723c751e8b465ee728b)  -> (artifact id: '855355766d0a38fe103b22ec220739a5') in 0.008060 seconds
  Import took 0.009881 seconds .

========================================================================
Received Import Request.
  Time since last request: 0.002468 seconds.
  path: Assets/8-Bit Style Sound Effects/Regular/Zap_C_02.wav
  artifactKey: Guid(01fd566401477da4d81a42c8f31b507e) Importer(815301076,1909f56bfc062723c751e8b465ee728b)
Start importing Assets/8-Bit Style Sound Effects/Regular/Zap_C_02.wav using Guid(01fd566401477da4d81a42c8f31b507e) Importer(815301076,1909f56bfc062723c751e8b465ee728b)  -> (artifact id: '1b4768de9416e047c2b46fc72b0c085c') in 0.009058 seconds
  Import took 0.010830 seconds .

========================================================================
Received Import Request.
  Time since last request: 0.002567 seconds.
  path: Assets/8-Bit Style Sound Effects/Regular/Boom_C_05.wav
  artifactKey: Guid(0cf45749d239af64b9771f7941c5deca) Importer(815301076,1909f56bfc062723c751e8b465ee728b)
Start importing Assets/8-Bit Style Sound Effects/Regular/Boom_C_05.wav using Guid(0cf45749d239af64b9771f7941c5deca) Importer(815301076,1909f56bfc062723c751e8b465ee728b)  -> (artifact id: '9add75febfeb6882cdc304a97a94a79b') in 0.010406 seconds
  Import took 0.012781 seconds .

========================================================================
Received Import Request.
  Time since last request: 0.114011 seconds.
  path: Assets/8-Bit Style Sound Effects/Regular/Hurt_C_03.wav
  artifactKey: Guid(7449f16fdb624944e8a3ac7908e2a972) Importer(815301076,1909f56bfc062723c751e8b465ee728b)
Start importing Assets/8-Bit Style Sound Effects/Regular/Hurt_C_03.wav using Guid(7449f16fdb624944e8a3ac7908e2a972) Importer(815301076,1909f56bfc062723c751e8b465ee728b)  -> (artifact id: '17363adcc9d73d5bfe907e757c90edde') in 0.008882 seconds
  Import took 0.010937 seconds .

========================================================================
Received Import Request.
  Time since last request: 0.035090 seconds.
  path: Assets/8-Bit Style Sound Effects/Regular/Sensor 01.wav
  artifactKey: Guid(25b0f1daa9ca8f34bb4d08a27d78ff4d) Importer(815301076,1909f56bfc062723c751e8b465ee728b)
Start importing Assets/8-Bit Style Sound Effects/Regular/Sensor 01.wav using Guid(25b0f1daa9ca8f34bb4d08a27d78ff4d) Importer(815301076,1909f56bfc062723c751e8b465ee728b)  -> (artifact id: '17ae6e5d5799b1139fae9287ac745e1a') in 0.008795 seconds
  Import took 0.010725 seconds .

========================================================================
Received Import Request.
  Time since last request: 0.032614 seconds.
  path: Assets/8-Bit Style Sound Effects/Regular/Hurt_C_06.wav
  artifactKey: Guid(bc5979cfa11596f409035ec11da31999) Importer(815301076,1909f56bfc062723c751e8b465ee728b)
Start importing Assets/8-Bit Style Sound Effects/Regular/Hurt_C_06.wav using Guid(bc5979cfa11596f409035ec11da31999) Importer(815301076,1909f56bfc062723c751e8b465ee728b)  -> (artifact id: '7904a94b5eab1eda549ea1fff5572089') in 0.007949 seconds
  Import took 0.010436 seconds .

========================================================================
Received Import Request.
  Time since last request: 0.057905 seconds.
  path: Assets/8-Bit Style Sound Effects/Lo-Fi_8-Bit_11025Hz [Tiny Files]/Hurt_C_05_8-Bit_11025Hz.wav
  artifactKey: Guid(c41d041399a257f4599cd183fd5d47b8) Importer(815301076,1909f56bfc062723c751e8b465ee728b)
Start importing Assets/8-Bit Style Sound Effects/Lo-Fi_8-Bit_11025Hz [Tiny Files]/Hurt_C_05_8-Bit_11025Hz.wav using Guid(c41d041399a257f4599cd183fd5d47b8) Importer(815301076,1909f56bfc062723c751e8b465ee728b)  -> (artifact id: '2dfdbe29d9f5db8bc359dd505dac5127') in 0.008095 seconds
  Import took 0.009952 seconds .

========================================================================
Received Import Request.
  Time since last request: 0.055125 seconds.
  path: Assets/8-Bit Style Sound Effects/Lo-Fi_8-Bit_11025Hz [Tiny Files]/Boom_C_01_8-Bit_11025Hz.wav
  artifactKey: Guid(ccd4401f876e1b44a95a5574e3e71c27) Importer(815301076,1909f56bfc062723c751e8b465ee728b)
Start importing Assets/8-Bit Style Sound Effects/Lo-Fi_8-Bit_11025Hz [Tiny Files]/Boom_C_01_8-Bit_11025Hz.wav using Guid(ccd4401f876e1b44a95a5574e3e71c27) Importer(815301076,1909f56bfc062723c751e8b465ee728b)  -> (artifact id: '17b6a81da1ff1eb3555f8d545dbc6367') in 0.009018 seconds
  Import took 0.010900 seconds .

========================================================================
Received Import Request.
  Time since last request: 0.014281 seconds.
  path: Assets/8-Bit Style Sound Effects/Regular/Hurt_C_01.wav
  artifactKey: Guid(9f79d759e08b9b64db080bd318582c0f) Importer(815301076,1909f56bfc062723c751e8b465ee728b)
Start importing Assets/8-Bit Style Sound Effects/Regular/Hurt_C_01.wav using Guid(9f79d759e08b9b64db080bd318582c0f) Importer(815301076,1909f56bfc062723c751e8b465ee728b)  -> (artifact id: '07ea117be4aeddc2cab773bd6077325e') in 0.007894 seconds
  Import took 0.009745 seconds .

========================================================================
Received Import Request.
  Time since last request: 0.118263 seconds.
  path: Assets/8-Bit Style Sound Effects/Lo-Fi_8-Bit_11025Hz [Tiny Files]/Hurt_C_07_8-Bit_11025Hz.wav
  artifactKey: Guid(283c9344dcf53714bb6fb1e14a8b2009) Importer(815301076,1909f56bfc062723c751e8b465ee728b)
Start importing Assets/8-Bit Style Sound Effects/Lo-Fi_8-Bit_11025Hz [Tiny Files]/Hurt_C_07_8-Bit_11025Hz.wav using Guid(283c9344dcf53714bb6fb1e14a8b2009) Importer(815301076,1909f56bfc062723c751e8b465ee728b)  -> (artifact id: '661926075684daa27d7d351ba16ddccf') in 0.008462 seconds
  Import took 0.011505 seconds .

========================================================================
Received Import Request.
  Time since last request: 0.025224 seconds.
  path: Assets/8-Bit Style Sound Effects/Lo-Fi_8-Bit_11025Hz [Tiny Files]/Loading 03_8-Bit_11025Hz.wav
  artifactKey: Guid(08d054ec8b01d3e44895453ba1fe3338) Importer(815301076,1909f56bfc062723c751e8b465ee728b)
Start importing Assets/8-Bit Style Sound Effects/Lo-Fi_8-Bit_11025Hz [Tiny Files]/Loading 03_8-Bit_11025Hz.wav using Guid(08d054ec8b01d3e44895453ba1fe3338) Importer(815301076,1909f56bfc062723c751e8b465ee728b)  -> (artifact id: 'a7da358c31f67c3c6de22055655db7e4') in 0.008611 seconds
  Import took 0.011260 seconds .

========================================================================
Received Import Request.
  Time since last request: 0.018630 seconds.
  path: Assets/8-Bit Style Sound Effects/Lo-Fi_8-Bit_11025Hz [Tiny Files]/Blip_C_01_8-Bit_11025Hz.wav
  artifactKey: Guid(8d25f782fcd55384fa1c33310d47f083) Importer(815301076,1909f56bfc062723c751e8b465ee728b)
Start importing Assets/8-Bit Style Sound Effects/Lo-Fi_8-Bit_11025Hz [Tiny Files]/Blip_C_01_8-Bit_11025Hz.wav using Guid(8d25f782fcd55384fa1c33310d47f083) Importer(815301076,1909f56bfc062723c751e8b465ee728b)  -> (artifact id: '14ccf4d28d4dcfec0eb35e733df1c3fa') in 0.008407 seconds
  Import took 0.010292 seconds .

========================================================================
Received Import Request.
  Time since last request: 0.002557 seconds.
  path: Assets/8-Bit Style Sound Effects/Lo-Fi_8-Bit_11025Hz [Tiny Files]/Blip_C_05_8-Bit_11025Hz.wav
  artifactKey: Guid(586cdf59812c57747bcd22532fa44580) Importer(815301076,1909f56bfc062723c751e8b465ee728b)
Start importing Assets/8-Bit Style Sound Effects/Lo-Fi_8-Bit_11025Hz [Tiny Files]/Blip_C_05_8-Bit_11025Hz.wav using Guid(586cdf59812c57747bcd22532fa44580) Importer(815301076,1909f56bfc062723c751e8b465ee728b)  -> (artifact id: '9264230fbdc1bdf6f83b2e43436e57b4') in 0.007903 seconds
  Import took 0.009782 seconds .

========================================================================
Received Import Request.
  Time since last request: 0.002464 seconds.
  path: Assets/8-Bit Style Sound Effects/Regular/Hurt_C_04.wav
  artifactKey: Guid(d182d334785020545b6d0940eada2733) Importer(815301076,1909f56bfc062723c751e8b465ee728b)
Start importing Assets/8-Bit Style Sound Effects/Regular/Hurt_C_04.wav using Guid(d182d334785020545b6d0940eada2733) Importer(815301076,1909f56bfc062723c751e8b465ee728b)  -> (artifact id: 'ae0ff73f9be5fc2252905971cb3b5ec8') in 0.008293 seconds
  Import took 0.010849 seconds .

========================================================================
Received Import Request.
  Time since last request: 0.168690 seconds.
  path: Assets/8-Bit Style Sound Effects/Regular/Hurt_C_02.wav
  artifactKey: Guid(0fec30152ac5b4a4087caf8f8115b520) Importer(815301076,1909f56bfc062723c751e8b465ee728b)
Start importing Assets/8-Bit Style Sound Effects/Regular/Hurt_C_02.wav using Guid(0fec30152ac5b4a4087caf8f8115b520) Importer(815301076,1909f56bfc062723c751e8b465ee728b)  -> (artifact id: 'ce5510b1ab73cfe3ef033f56c972f378') in 0.008022 seconds
  Import took 0.010323 seconds .

========================================================================
Received Import Request.
  Time since last request: 0.168783 seconds.
  path: Assets/8-Bit Style Sound Effects
  artifactKey: Guid(2f00ab449c2732f42b83f3c1f9e11894) Importer(815301076,1909f56bfc062723c751e8b465ee728b)
Start importing Assets/8-Bit Style Sound Effects using Guid(2f00ab449c2732f42b83f3c1f9e11894) Importer(815301076,1909f56bfc062723c751e8b465ee728b)  -> (artifact id: '72a4bd777f3141556b7f6a2cce918636') in 0.004983 seconds
  Import took 0.006953 seconds .

========================================================================
Received Import Request.
  Time since last request: 0.035465 seconds.
  path: Assets/8-Bit Style Sound Effects/Regular/Zap_C_07.wav
  artifactKey: Guid(c8f8bc5732302b245b178531922761f4) Importer(815301076,1909f56bfc062723c751e8b465ee728b)
Start importing Assets/8-Bit Style Sound Effects/Regular/Zap_C_07.wav using Guid(c8f8bc5732302b245b178531922761f4) Importer(815301076,1909f56bfc062723c751e8b465ee728b)  -> (artifact id: '38c390454a6107bd1f5e14f61ffee7d2') in 0.007984 seconds
  Import took 0.009846 seconds .

========================================================================
Received Import Request.
  Time since last request: 0.030994 seconds.
  path: Assets/Prefabs/Enemy.prefab
  artifactKey: Guid(7a3f26ff78451e340beaf98e473689a5) Importer(815301076,1909f56bfc062723c751e8b465ee728b)
Start importing Assets/Prefabs/Enemy.prefab using Guid(7a3f26ff78451e340beaf98e473689a5) Importer(815301076,1909f56bfc062723c751e8b465ee728b)  -> (artifact id: '589c78ca4edace5ab1ca01258dee86d7') in 0.022885 seconds
  Import took 0.025259 seconds .

========================================================================
Received Import Request.
  Time since last request: 0.045558 seconds.
  path: Assets/8-Bit Style Sound Effects/Regular/Zap_C_04.wav
  artifactKey: Guid(9c463b810f7abde408c514f98cade58d) Importer(815301076,1909f56bfc062723c751e8b465ee728b)
Start importing Assets/8-Bit Style Sound Effects/Regular/Zap_C_04.wav using Guid(9c463b810f7abde408c514f98cade58d) Importer(815301076,1909f56bfc062723c751e8b465ee728b)  -> (artifact id: '728cbdf2d137894a3bc4545dfc9a8373') in 0.008877 seconds
  Import took 0.010793 seconds .

========================================================================
Received Import Request.
  Time since last request: 0.026025 seconds.
  path: Assets/8-Bit Style Sound Effects/Lo-Fi_8-Bit_11025Hz [Tiny Files]/Zap_C_04_8-Bit_11025Hz.wav
  artifactKey: Guid(85baeb4cf6393de4e91938f586820a69) Importer(815301076,1909f56bfc062723c751e8b465ee728b)
Start importing Assets/8-Bit Style Sound Effects/Lo-Fi_8-Bit_11025Hz [Tiny Files]/Zap_C_04_8-Bit_11025Hz.wav using Guid(85baeb4cf6393de4e91938f586820a69) Importer(815301076,1909f56bfc062723c751e8b465ee728b)  -> (artifact id: '22f878e3d8888c11c32c02caffa9c22f') in 0.008527 seconds
  Import took 0.010836 seconds .

========================================================================
Received Import Request.
  Time since last request: 0.002431 seconds.
  path: Assets/Materials/BGMaterial.mat
  artifactKey: Guid(e07be67660cce8044aac10a51466b32e) Importer(815301076,1909f56bfc062723c751e8b465ee728b)
Start importing Assets/Materials/BGMaterial.mat using Guid(e07be67660cce8044aac10a51466b32e) Importer(815301076,1909f56bfc062723c751e8b465ee728b)  -> (artifact id: '9622dcd3added758a0d191261ce05fbf') in 0.025175 seconds
  Import took 0.027647 seconds .

========================================================================
Received Import Request.
  Time since last request: 0.395698 seconds.
  path: Assets/8-Bit Style Sound Effects/Regular/Blip_C_02.wav
  artifactKey: Guid(7f9403ad262715f4994f66bc8d445f42) Importer(815301076,1909f56bfc062723c751e8b465ee728b)
Start importing Assets/8-Bit Style Sound Effects/Regular/Blip_C_02.wav using Guid(7f9403ad262715f4994f66bc8d445f42) Importer(815301076,1909f56bfc062723c751e8b465ee728b)  -> (artifact id: 'd6a24a8d81c3f8cd2678afa9a2cfdb4f') in 0.008118 seconds
  Import took 0.010468 seconds .

========================================================================
Received Import Request.
  Time since last request: 0.016016 seconds.
  path: Assets/8-Bit Style Sound Effects/Lo-Fi_8-Bit_11025Hz [Tiny Files]/Boom_C_07_8-Bit_11025Hz.wav
  artifactKey: Guid(407d674bf72dc964484e705d76b86277) Importer(815301076,1909f56bfc062723c751e8b465ee728b)
Start importing Assets/8-Bit Style Sound Effects/Lo-Fi_8-Bit_11025Hz [Tiny Files]/Boom_C_07_8-Bit_11025Hz.wav using Guid(407d674bf72dc964484e705d76b86277) Importer(815301076,1909f56bfc062723c751e8b465ee728b)  -> (artifact id: 'a87f7169dbb9989cea520349855268f0') in 0.008524 seconds
  Import took 0.011203 seconds .

========================================================================
Received Import Request.
  Time since last request: 0.124462 seconds.
  path: Assets/8-Bit Style Sound Effects/Lo-Fi_8-Bit_11025Hz [Tiny Files]/Loading 01_8-Bit_11025Hz.wav
  artifactKey: Guid(2b8643998df84a3418f1846a64fc6e66) Importer(815301076,1909f56bfc062723c751e8b465ee728b)
Start importing Assets/8-Bit Style Sound Effects/Lo-Fi_8-Bit_11025Hz [Tiny Files]/Loading 01_8-Bit_11025Hz.wav using Guid(2b8643998df84a3418f1846a64fc6e66) Importer(815301076,1909f56bfc062723c751e8b465ee728b)  -> (artifact id: '40cb1c7f6425182f81c8ba2d824b6654') in 0.008156 seconds
  Import took 0.010310 seconds .

========================================================================
Received Import Request.
  Time since last request: 0.266618 seconds.
  path: Assets/8-Bit Style Sound Effects/Regular/Hurt_C_07.wav
  artifactKey: Guid(64da87fdd649b7f4cac79dc52d0a53d0) Importer(815301076,1909f56bfc062723c751e8b465ee728b)
Start importing Assets/8-Bit Style Sound Effects/Regular/Hurt_C_07.wav using Guid(64da87fdd649b7f4cac79dc52d0a53d0) Importer(815301076,1909f56bfc062723c751e8b465ee728b)  -> (artifact id: '94dae0bfe0522fa65b52665e7ee8dec6') in 0.008063 seconds
  Import took 0.010197 seconds .

========================================================================
Received Import Request.
  Time since last request: 0.240225 seconds.
  path: Assets/8-Bit Style Sound Effects/Lo-Fi_8-Bit_11025Hz [Tiny Files]/Blip_C_06_8-Bit_11025Hz.wav
  artifactKey: Guid(0567502dc4db7264e8db43fcfa0503bd) Importer(815301076,1909f56bfc062723c751e8b465ee728b)
Start importing Assets/8-Bit Style Sound Effects/Lo-Fi_8-Bit_11025Hz [Tiny Files]/Blip_C_06_8-Bit_11025Hz.wav using Guid(0567502dc4db7264e8db43fcfa0503bd) Importer(815301076,1909f56bfc062723c751e8b465ee728b)  -> (artifact id: 'fdc945790559fc54fa36344f7e2e6117') in 0.008190 seconds
  Import took 0.010878 seconds .

========================================================================
Received Import Request.
  Time since last request: 0.109512 seconds.
  path: Assets/8-Bit Style Sound Effects/Lo-Fi_8-Bit_11025Hz [Tiny Files]/Boom_C_05_8-Bit_11025Hz.wav
  artifactKey: Guid(1ecd04c15717e314282bf193a68f6857) Importer(815301076,1909f56bfc062723c751e8b465ee728b)
Start importing Assets/8-Bit Style Sound Effects/Lo-Fi_8-Bit_11025Hz [Tiny Files]/Boom_C_05_8-Bit_11025Hz.wav using Guid(1ecd04c15717e314282bf193a68f6857) Importer(815301076,1909f56bfc062723c751e8b465ee728b)  -> (artifact id: '7e8cbd00db1ffe9a85b9bfaec2c115e0') in 0.009677 seconds
  Import took 0.011857 seconds .

========================================================================
Received Import Request.
  Time since last request: 0.014140 seconds.
  path: Assets/8-Bit Style Sound Effects/Regular/Blip_C_04.wav
  artifactKey: Guid(f0a6f3aedaecaca4aa2e1a9aa96464bf) Importer(815301076,1909f56bfc062723c751e8b465ee728b)
Start importing Assets/8-Bit Style Sound Effects/Regular/Blip_C_04.wav using Guid(f0a6f3aedaecaca4aa2e1a9aa96464bf) Importer(815301076,1909f56bfc062723c751e8b465ee728b)  -> (artifact id: '76ad88cb003ddbfc78fa373949d983dc') in 0.007922 seconds
  Import took 0.010122 seconds .

========================================================================
Received Import Request.
  Time since last request: 0.064526 seconds.
  path: Assets/8-Bit Style Sound Effects/Lo-Fi_8-Bit_11025Hz [Tiny Files]/Boom_C_08_8-Bit_11025Hz.wav
  artifactKey: Guid(36b16062a5709a046a0cdc3e07f9bd55) Importer(815301076,1909f56bfc062723c751e8b465ee728b)
Start importing Assets/8-Bit Style Sound Effects/Lo-Fi_8-Bit_11025Hz [Tiny Files]/Boom_C_08_8-Bit_11025Hz.wav using Guid(36b16062a5709a046a0cdc3e07f9bd55) Importer(815301076,1909f56bfc062723c751e8b465ee728b)  -> (artifact id: '00edb3d46d4db4f778aedab059827fa4') in 0.008514 seconds
  Import took 0.010867 seconds .

========================================================================
Received Import Request.
  Time since last request: 0.008860 seconds.
  path: Assets/8-Bit Style Sound Effects/Lo-Fi_8-Bit_11025Hz [Tiny Files]/Hurt_C_03_8-Bit_11025Hz.wav
  artifactKey: Guid(a420a55a6c4d83b49a18ac43225407cb) Importer(815301076,1909f56bfc062723c751e8b465ee728b)
Start importing Assets/8-Bit Style Sound Effects/Lo-Fi_8-Bit_11025Hz [Tiny Files]/Hurt_C_03_8-Bit_11025Hz.wav using Guid(a420a55a6c4d83b49a18ac43225407cb) Importer(815301076,1909f56bfc062723c751e8b465ee728b)  -> (artifact id: 'e0e560b73452b002e4a74a2fd87cba1c') in 0.008101 seconds
  Import took 0.009955 seconds .

========================================================================
Received Import Request.
  Time since last request: 0.089269 seconds.
  path: Assets/8-Bit Style Sound Effects/Regular/Boom_C_09.wav
  artifactKey: Guid(b0b0e5de9e18ba442b38742c7eadcab4) Importer(815301076,1909f56bfc062723c751e8b465ee728b)
Start importing Assets/8-Bit Style Sound Effects/Regular/Boom_C_09.wav using Guid(b0b0e5de9e18ba442b38742c7eadcab4) Importer(815301076,1909f56bfc062723c751e8b465ee728b)  -> (artifact id: 'd006b30ba69336361e1a90a9d0cfbbac') in 0.008511 seconds
  Import took 0.010858 seconds .

========================================================================
Received Import Request.
  Time since last request: 0.001756 seconds.
  path: Assets/8-Bit Style Sound Effects/Regular
  artifactKey: Guid(2ceabdb031e33184685bd5b5ad6ed75c) Importer(815301076,1909f56bfc062723c751e8b465ee728b)
Start importing Assets/8-Bit Style Sound Effects/Regular using Guid(2ceabdb031e33184685bd5b5ad6ed75c) Importer(815301076,1909f56bfc062723c751e8b465ee728b)  -> (artifact id: 'ac206ff356377d284b0afb175a12252d') in 0.004935 seconds
  Import took 0.006884 seconds .

========================================================================
Received Import Request.
  Time since last request: 0.102528 seconds.
  path: Assets/8-Bit Style Sound Effects/Lo-Fi_8-Bit_11025Hz [Tiny Files]/Zap_C_05_8-Bit_11025Hz.wav
  artifactKey: Guid(001387a8003424c428d639fc7aa360a1) Importer(815301076,1909f56bfc062723c751e8b465ee728b)
Start importing Assets/8-Bit Style Sound Effects/Lo-Fi_8-Bit_11025Hz [Tiny Files]/Zap_C_05_8-Bit_11025Hz.wav using Guid(001387a8003424c428d639fc7aa360a1) Importer(815301076,1909f56bfc062723c751e8b465ee728b)  -> (artifact id: '679960186e0abf5946e45971e1ed7a84') in 0.007928 seconds
  Import took 0.010322 seconds .

========================================================================
Received Import Request.
  Time since last request: 0.023212 seconds.
  path: Assets/8-Bit Style Sound Effects/Lo-Fi_8-Bit_11025Hz [Tiny Files]/Blip_C_03_8-Bit_11025Hz.wav
  artifactKey: Guid(41cfd9d5497136546aec1b9eace0231f) Importer(815301076,1909f56bfc062723c751e8b465ee728b)
Start importing Assets/8-Bit Style Sound Effects/Lo-Fi_8-Bit_11025Hz [Tiny Files]/Blip_C_03_8-Bit_11025Hz.wav using Guid(41cfd9d5497136546aec1b9eace0231f) Importer(815301076,1909f56bfc062723c751e8b465ee728b)  -> (artifact id: 'e81c3c134d5206a177a968a73785a4a4') in 0.008090 seconds
  Import took 0.010606 seconds .

========================================================================
Received Import Request.
  Time since last request: 0.147980 seconds.
  path: Assets/8-Bit Style Sound Effects/Lo-Fi_8-Bit_11025Hz [Tiny Files]/Blip_C_09_8-Bit_11025Hz.wav
  artifactKey: Guid(1ea655ec9467e8f43b19ebbf6f95781f) Importer(815301076,1909f56bfc062723c751e8b465ee728b)
Start importing Assets/8-Bit Style Sound Effects/Lo-Fi_8-Bit_11025Hz [Tiny Files]/Blip_C_09_8-Bit_11025Hz.wav using Guid(1ea655ec9467e8f43b19ebbf6f95781f) Importer(815301076,1909f56bfc062723c751e8b465ee728b)  -> (artifact id: '9daaea52a529e93c346d985394207816') in 0.008520 seconds
  Import took 0.010410 seconds .

========================================================================
Received Import Request.
  Time since last request: 0.065863 seconds.
  path: Assets/8-Bit Style Sound Effects/Regular/Loading 04.wav
  artifactKey: Guid(c3aaea08d18c3484599d4b31c232ed4d) Importer(815301076,1909f56bfc062723c751e8b465ee728b)
Start importing Assets/8-Bit Style Sound Effects/Regular/Loading 04.wav using Guid(c3aaea08d18c3484599d4b31c232ed4d) Importer(815301076,1909f56bfc062723c751e8b465ee728b)  -> (artifact id: 'cdcb3e86212909a88b78e417ab564fd1') in 0.008596 seconds
  Import took 0.010473 seconds .

========================================================================
Received Import Request.
  Time since last request: 0.014016 seconds.
  path: Assets/8-Bit Style Sound Effects/Lo-Fi_8-Bit_11025Hz [Tiny Files]/Loading 04_8-Bit_11025Hz.wav
  artifactKey: Guid(d5355f5c009aad94b9ceb3e327b6c3fa) Importer(815301076,1909f56bfc062723c751e8b465ee728b)
Start importing Assets/8-Bit Style Sound Effects/Lo-Fi_8-Bit_11025Hz [Tiny Files]/Loading 04_8-Bit_11025Hz.wav using Guid(d5355f5c009aad94b9ceb3e327b6c3fa) Importer(815301076,1909f56bfc062723c751e8b465ee728b)  -> (artifact id: '76de4e84bf91a57daf3c5768cccca50f') in 0.009985 seconds
  Import took 0.011827 seconds .

========================================================================
Received Import Request.
  Time since last request: 0.002712 seconds.
  path: Assets/8-Bit Style Sound Effects/Regular/Loading 02.wav
  artifactKey: Guid(32dd410480c7f01479f4fa195aa490e1) Importer(815301076,1909f56bfc062723c751e8b465ee728b)
Start importing Assets/8-Bit Style Sound Effects/Regular/Loading 02.wav using Guid(32dd410480c7f01479f4fa195aa490e1) Importer(815301076,1909f56bfc062723c751e8b465ee728b)  -> (artifact id: '75347d4d9f707c3b544c4fa0c4af6483') in 0.008564 seconds
  Import took 0.010428 seconds .

========================================================================
Received Import Request.
  Time since last request: 0.025719 seconds.
  path: Assets/8-Bit Style Sound Effects/Regular/Powering down 01.wav
  artifactKey: Guid(0c836c3fb1cb15049a877ad68bdee601) Importer(815301076,1909f56bfc062723c751e8b465ee728b)
Start importing Assets/8-Bit Style Sound Effects/Regular/Powering down 01.wav using Guid(0c836c3fb1cb15049a877ad68bdee601) Importer(815301076,1909f56bfc062723c751e8b465ee728b)  -> (artifact id: '9c6eaa60735e13e73cd26565957ae530') in 0.008235 seconds
  Import took 0.010465 seconds .

========================================================================
Received Import Request.
  Time since last request: 0.143209 seconds.
  path: Assets/8-Bit Style Sound Effects/Lo-Fi_8-Bit_11025Hz [Tiny Files]/Hurt_C_01_8-Bit_11025Hz.wav
  artifactKey: Guid(38eb3affe722af34c85bc2e5604fb7e1) Importer(815301076,1909f56bfc062723c751e8b465ee728b)
Start importing Assets/8-Bit Style Sound Effects/Lo-Fi_8-Bit_11025Hz [Tiny Files]/Hurt_C_01_8-Bit_11025Hz.wav using Guid(38eb3affe722af34c85bc2e5604fb7e1) Importer(815301076,1909f56bfc062723c751e8b465ee728b)  -> (artifact id: '3700d7848dc095a6fcd40a2f51c3f1f2') in 0.009586 seconds
  Import took 0.011877 seconds .

========================================================================
Received Import Request.
  Time since last request: 0.002829 seconds.
  path: Assets/8-Bit Style Sound Effects/Lo-Fi_8-Bit_11025Hz [Tiny Files]/Zap_C_06_8-Bit_11025Hz.wav
  artifactKey: Guid(d31bacfe6a0935b449f374fed9bb6567) Importer(815301076,1909f56bfc062723c751e8b465ee728b)
Start importing Assets/8-Bit Style Sound Effects/Lo-Fi_8-Bit_11025Hz [Tiny Files]/Zap_C_06_8-Bit_11025Hz.wav using Guid(d31bacfe6a0935b449f374fed9bb6567) Importer(815301076,1909f56bfc062723c751e8b465ee728b)  -> (artifact id: '76f27b7f83ce25d3c1fd331703ffbf8d') in 0.008442 seconds
  Import took 0.010361 seconds .

========================================================================
Received Import Request.
  Time since last request: 0.015277 seconds.
  path: Assets/8-Bit Style Sound Effects/Lo-Fi_8-Bit_11025Hz [Tiny Files]/Hurt_C_04_8-Bit_11025Hz.wav
  artifactKey: Guid(9f8b8c755ea3f0a488cef0df62a7e7ef) Importer(815301076,1909f56bfc062723c751e8b465ee728b)
Start importing Assets/8-Bit Style Sound Effects/Lo-Fi_8-Bit_11025Hz [Tiny Files]/Hurt_C_04_8-Bit_11025Hz.wav using Guid(9f8b8c755ea3f0a488cef0df62a7e7ef) Importer(815301076,1909f56bfc062723c751e8b465ee728b)  -> (artifact id: 'f1440edeaefa60720f60af2c861d1be3') in 0.008242 seconds
  Import took 0.010131 seconds .

========================================================================
Received Import Request.
  Time since last request: 0.018580 seconds.
  path: Assets/8-Bit Style Sound Effects/Regular/Blip_C_07.wav
  artifactKey: Guid(d7b94e05a9ba5e04b8433493f222e877) Importer(815301076,1909f56bfc062723c751e8b465ee728b)
Start importing Assets/8-Bit Style Sound Effects/Regular/Blip_C_07.wav using Guid(d7b94e05a9ba5e04b8433493f222e877) Importer(815301076,1909f56bfc062723c751e8b465ee728b)  -> (artifact id: '12c274318068d7903d428b2e30b01b6c') in 0.008104 seconds
  Import took 0.010013 seconds .

========================================================================
Received Import Request.
  Time since last request: 0.024297 seconds.
  path: Assets/8-Bit Style Sound Effects/Lo-Fi_8-Bit_11025Hz [Tiny Files]/Boom_C_09_8-Bit_11025Hz.wav
  artifactKey: Guid(ee0c5756fe80cea4c8775eb09e0dc249) Importer(815301076,1909f56bfc062723c751e8b465ee728b)
Start importing Assets/8-Bit Style Sound Effects/Lo-Fi_8-Bit_11025Hz [Tiny Files]/Boom_C_09_8-Bit_11025Hz.wav using Guid(ee0c5756fe80cea4c8775eb09e0dc249) Importer(815301076,1909f56bfc062723c751e8b465ee728b)  -> (artifact id: '7f64aa5df4a3c788cb901b67894a6c1c') in 0.008056 seconds
  Import took 0.010302 seconds .

========================================================================
Received Import Request.
  Time since last request: 0.002583 seconds.
  path: Assets/8-Bit Style Sound Effects/Regular/Hurt_C_05.wav
  artifactKey: Guid(1ad9c0da3eef3f2468ee01b9c3ac9b77) Importer(815301076,1909f56bfc062723c751e8b465ee728b)
Start importing Assets/8-Bit Style Sound Effects/Regular/Hurt_C_05.wav using Guid(1ad9c0da3eef3f2468ee01b9c3ac9b77) Importer(815301076,1909f56bfc062723c751e8b465ee728b)  -> (artifact id: 'bc206e69ec015f0110bb120631e9cfc6') in 0.015484 seconds
  Import took 0.019058 seconds .

========================================================================
Received Import Request.
  Time since last request: 0.236782 seconds.
  path: Assets/8-Bit Style Sound Effects/Regular/Zap_C_01.wav
  artifactKey: Guid(45ac5533c9f2cf64c87b9a40a7525288) Importer(815301076,1909f56bfc062723c751e8b465ee728b)
Start importing Assets/8-Bit Style Sound Effects/Regular/Zap_C_01.wav using Guid(45ac5533c9f2cf64c87b9a40a7525288) Importer(815301076,1909f56bfc062723c751e8b465ee728b)  -> (artifact id: '905f54d3377d2d7101e2809f32bcf7d3') in 0.008333 seconds
  Import took 0.010720 seconds .

========================================================================
Received Import Request.
  Time since last request: 0.038651 seconds.
  path: Assets/8-Bit Style Sound Effects/Regular/Boom_C_01.wav
  artifactKey: Guid(d11217810c791464f940f0d0d4572513) Importer(815301076,1909f56bfc062723c751e8b465ee728b)
Start importing Assets/8-Bit Style Sound Effects/Regular/Boom_C_01.wav using Guid(d11217810c791464f940f0d0d4572513) Importer(815301076,1909f56bfc062723c751e8b465ee728b)  -> (artifact id: '06e841fee25f58714e32c0376c9e2bc5') in 0.008661 seconds
  Import took 0.010530 seconds .

========================================================================
Received Import Request.
  Time since last request: 0.085359 seconds.
  path: Assets/8-Bit Style Sound Effects/Regular/Blip_C_09.wav
  artifactKey: Guid(017dfb81064461147b94f666a68585c6) Importer(815301076,1909f56bfc062723c751e8b465ee728b)
Start importing Assets/8-Bit Style Sound Effects/Regular/Blip_C_09.wav using Guid(017dfb81064461147b94f666a68585c6) Importer(815301076,1909f56bfc062723c751e8b465ee728b)  -> (artifact id: '4ef5b47fbe844a8560147521c918b1f8') in 0.008776 seconds
  Import took 0.011165 seconds .

========================================================================
Received Import Request.
  Time since last request: 0.007703 seconds.
  path: Assets/8-Bit Style Sound Effects/Regular/Sensor 02.wav
  artifactKey: Guid(9b594bea12c14124ea04a2de4be10849) Importer(815301076,1909f56bfc062723c751e8b465ee728b)
Start importing Assets/8-Bit Style Sound Effects/Regular/Sensor 02.wav using Guid(9b594bea12c14124ea04a2de4be10849) Importer(815301076,1909f56bfc062723c751e8b465ee728b)  -> (artifact id: '174dfa425a6b406fdecec40e47b86853') in 0.008758 seconds
  Import took 0.010625 seconds .

========================================================================
Received Import Request.
  Time since last request: 0.011012 seconds.
  path: Assets/8-Bit Style Sound Effects/Lo-Fi_8-Bit_11025Hz [Tiny Files]/Boom_C_02_8-Bit_11025Hz.wav
  artifactKey: Guid(ba305da4a7a187d4f8e3f177e8df811b) Importer(815301076,1909f56bfc062723c751e8b465ee728b)
Start importing Assets/8-Bit Style Sound Effects/Lo-Fi_8-Bit_11025Hz [Tiny Files]/Boom_C_02_8-Bit_11025Hz.wav using Guid(ba305da4a7a187d4f8e3f177e8df811b) Importer(815301076,1909f56bfc062723c751e8b465ee728b)  -> (artifact id: 'fc780bd9fe55af6bd7f7bdac9e9ec608') in 0.008793 seconds
  Import took 0.011439 seconds .

========================================================================
Received Import Request.
  Time since last request: 0.166483 seconds.
  path: Assets/8-Bit Style Sound Effects/Lo-Fi_8-Bit_11025Hz [Tiny Files]/Blip_C_04_8-Bit_11025Hz.wav
  artifactKey: Guid(8f067718d315c1d46b8fa9972d98147b) Importer(815301076,1909f56bfc062723c751e8b465ee728b)
Start importing Assets/8-Bit Style Sound Effects/Lo-Fi_8-Bit_11025Hz [Tiny Files]/Blip_C_04_8-Bit_11025Hz.wav using Guid(8f067718d315c1d46b8fa9972d98147b) Importer(815301076,1909f56bfc062723c751e8b465ee728b)  -> (artifact id: '91b7d1b591c991dea3537f87f31791a7') in 0.008138 seconds
  Import took 0.009999 seconds .

========================================================================
Received Import Request.
  Time since last request: 0.054880 seconds.
  path: Assets/8-Bit Style Sound Effects/Regular/Blip_C_08.wav
  artifactKey: Guid(70748a9a5514bf945a8e9e0ffb51172d) Importer(815301076,1909f56bfc062723c751e8b465ee728b)
Start importing Assets/8-Bit Style Sound Effects/Regular/Blip_C_08.wav using Guid(70748a9a5514bf945a8e9e0ffb51172d) Importer(815301076,1909f56bfc062723c751e8b465ee728b)  -> (artifact id: 'e11ab0bc9e25fa4fa3e8cc0d2210efa1') in 0.008316 seconds
  Import took 0.010529 seconds .

========================================================================
Received Import Request.
  Time since last request: 0.112562 seconds.
  path: Assets/8-Bit Style Sound Effects/Regular/Boom_C_07.wav
  artifactKey: Guid(1ab2613923dacf048a3a08b2aab55350) Importer(815301076,1909f56bfc062723c751e8b465ee728b)
Start importing Assets/8-Bit Style Sound Effects/Regular/Boom_C_07.wav using Guid(1ab2613923dacf048a3a08b2aab55350) Importer(815301076,1909f56bfc062723c751e8b465ee728b)  -> (artifact id: 'ecc92356a00cef5cb344d8217c2b2377') in 0.009249 seconds
  Import took 0.011209 seconds .

========================================================================
Received Import Request.
  Time since last request: 0.250987 seconds.
  path: Assets/8-Bit Style Sound Effects/Lo-Fi_8-Bit_11025Hz [Tiny Files]/Powering down 01_8-Bit_11025Hz.wav
  artifactKey: Guid(137c0ad2b3d5c3146a48d6530a3e22b1) Importer(815301076,1909f56bfc062723c751e8b465ee728b)
Start importing Assets/8-Bit Style Sound Effects/Lo-Fi_8-Bit_11025Hz [Tiny Files]/Powering down 01_8-Bit_11025Hz.wav using Guid(137c0ad2b3d5c3146a48d6530a3e22b1) Importer(815301076,1909f56bfc062723c751e8b465ee728b)  -> (artifact id: '1b7d6d28b6928b2c1806260422ec4fa0') in 0.008863 seconds
  Import took 0.010858 seconds .

========================================================================
Received Import Request.
  Time since last request: 0.002651 seconds.
  path: Assets/8-Bit Style Sound Effects/Regular/Loading 03.wav
  artifactKey: Guid(0aeae5159ed84ed47b6025fd949f2fb5) Importer(815301076,1909f56bfc062723c751e8b465ee728b)
Start importing Assets/8-Bit Style Sound Effects/Regular/Loading 03.wav using Guid(0aeae5159ed84ed47b6025fd949f2fb5) Importer(815301076,1909f56bfc062723c751e8b465ee728b)  -> (artifact id: 'c2e705babcd1a18dedca5e2d5c0325f7') in 0.008038 seconds
  Import took 0.009926 seconds .

========================================================================
Received Import Request.
  Time since last request: 0.032317 seconds.
  path: Assets/8-Bit Style Sound Effects/Regular/Zap_C_08.wav
  artifactKey: Guid(82b2aaf672835c94b91335dfb51a4902) Importer(815301076,1909f56bfc062723c751e8b465ee728b)
Start importing Assets/8-Bit Style Sound Effects/Regular/Zap_C_08.wav using Guid(82b2aaf672835c94b91335dfb51a4902) Importer(815301076,1909f56bfc062723c751e8b465ee728b)  -> (artifact id: 'ac235bc95f02cd30e1aa50bd7fc1bb66') in 0.008892 seconds
  Import took 0.010758 seconds .

========================================================================
Received Import Request.
  Time since last request: 0.128162 seconds.
  path: Assets/8-Bit Style Sound Effects/Lo-Fi_8-Bit_11025Hz [Tiny Files]/Zap_C_09_8-Bit_11025Hz.wav
  artifactKey: Guid(9d4a433337260c74b85cfb9f4f269c43) Importer(815301076,1909f56bfc062723c751e8b465ee728b)
Start importing Assets/8-Bit Style Sound Effects/Lo-Fi_8-Bit_11025Hz [Tiny Files]/Zap_C_09_8-Bit_11025Hz.wav using Guid(9d4a433337260c74b85cfb9f4f269c43) Importer(815301076,1909f56bfc062723c751e8b465ee728b)  -> (artifact id: 'e92cecde5e3d057355ddf6fdb47d3b54') in 0.013020 seconds
  Import took 0.014904 seconds .

========================================================================
Received Import Request.
  Time since last request: 0.027974 seconds.
  path: Assets/8-Bit Style Sound Effects/Lo-Fi_8-Bit_11025Hz [Tiny Files]/Boom_C_04_8-Bit_11025Hz.wav
  artifactKey: Guid(647bbda710c831143a83718fd2bbf49c) Importer(815301076,1909f56bfc062723c751e8b465ee728b)
Start importing Assets/8-Bit Style Sound Effects/Lo-Fi_8-Bit_11025Hz [Tiny Files]/Boom_C_04_8-Bit_11025Hz.wav using Guid(647bbda710c831143a83718fd2bbf49c) Importer(815301076,1909f56bfc062723c751e8b465ee728b)  -> (artifact id: '0c484afaaa785d37740a27f689847781') in 0.008149 seconds
  Import took 0.010125 seconds .

========================================================================
Received Import Request.
  Time since last request: 0.166086 seconds.
  path: Assets/8-Bit Style Sound Effects/Lo-Fi_8-Bit_11025Hz [Tiny Files]/Zap_C_02_8-Bit_11025Hz.wav
  artifactKey: Guid(cc43572a528236a4e93bb1dea1d6b017) Importer(815301076,1909f56bfc062723c751e8b465ee728b)
Start importing Assets/8-Bit Style Sound Effects/Lo-Fi_8-Bit_11025Hz [Tiny Files]/Zap_C_02_8-Bit_11025Hz.wav using Guid(cc43572a528236a4e93bb1dea1d6b017) Importer(815301076,1909f56bfc062723c751e8b465ee728b)  -> (artifact id: '1f3e46739bcdb5edcc60df7d8c4ef85e') in 0.008201 seconds
  Import took 0.010481 seconds .

========================================================================
Received Import Request.
  Time since last request: 0.095763 seconds.
  path: Assets/8-Bit Style Sound Effects/Lo-Fi_8-Bit_11025Hz [Tiny Files]/Hurt_C_06_8-Bit_11025Hz.wav
  artifactKey: Guid(4dec70f687ad60449b4a76824ed20a56) Importer(815301076,1909f56bfc062723c751e8b465ee728b)
Start importing Assets/8-Bit Style Sound Effects/Lo-Fi_8-Bit_11025Hz [Tiny Files]/Hurt_C_06_8-Bit_11025Hz.wav using Guid(4dec70f687ad60449b4a76824ed20a56) Importer(815301076,1909f56bfc062723c751e8b465ee728b)  -> (artifact id: '31c1664da21be3c3efc5b9510cc11f77') in 0.008292 seconds
  Import took 0.010350 seconds .

========================================================================
Received Import Request.
  Time since last request: 0.189752 seconds.
  path: Assets/8-Bit Style Sound Effects/Lo-Fi_8-Bit_11025Hz [Tiny Files]/Sensor 01_8-Bit_11025Hz.wav
  artifactKey: Guid(c5570e6705a594345a5ce0de0e75058f) Importer(815301076,1909f56bfc062723c751e8b465ee728b)
Start importing Assets/8-Bit Style Sound Effects/Lo-Fi_8-Bit_11025Hz [Tiny Files]/Sensor 01_8-Bit_11025Hz.wav using Guid(c5570e6705a594345a5ce0de0e75058f) Importer(815301076,1909f56bfc062723c751e8b465ee728b)  -> (artifact id: '0800487408eaec9f246221256c3536ab') in 0.009042 seconds
  Import took 0.010924 seconds .

========================================================================
Received Import Request.
  Time since last request: 0.002483 seconds.
  path: Assets/8-Bit Style Sound Effects/Lo-Fi_8-Bit_11025Hz [Tiny Files]/Hurt_C_08_8-Bit_11025Hz.wav
  artifactKey: Guid(3a71a8b0e6c4c0842980e21cd658ad9a) Importer(815301076,1909f56bfc062723c751e8b465ee728b)
Start importing Assets/8-Bit Style Sound Effects/Lo-Fi_8-Bit_11025Hz [Tiny Files]/Hurt_C_08_8-Bit_11025Hz.wav using Guid(3a71a8b0e6c4c0842980e21cd658ad9a) Importer(815301076,1909f56bfc062723c751e8b465ee728b)  -> (artifact id: 'e5b90966f50ef4c259f52735b53ef50d') in 0.008131 seconds
  Import took 0.009971 seconds .

========================================================================
Received Import Request.
  Time since last request: 0.025686 seconds.
  path: Assets/8-Bit Style Sound Effects/Regular/Zap_C_06.wav
  artifactKey: Guid(699a21ca60012784c9805c6473120785) Importer(815301076,1909f56bfc062723c751e8b465ee728b)
Start importing Assets/8-Bit Style Sound Effects/Regular/Zap_C_06.wav using Guid(699a21ca60012784c9805c6473120785) Importer(815301076,1909f56bfc062723c751e8b465ee728b)  -> (artifact id: '6d637c2979a25639daeb3b7fe0d004e4') in 0.008820 seconds
  Import took 0.011158 seconds .

========================================================================
Received Import Request.
  Time since last request: 0.002575 seconds.
  path: Assets/Scripts/ShootingGame/Algo4.cs
  artifactKey: Guid(a60e285a6ebd22a42b44089b4e7322a4) Importer(815301076,1909f56bfc062723c751e8b465ee728b)
Start importing Assets/Scripts/ShootingGame/Algo4.cs using Guid(a60e285a6ebd22a42b44089b4e7322a4) Importer(815301076,1909f56bfc062723c751e8b465ee728b)  -> (artifact id: '09280471535b23256f929e9ab3f74df1') in 0.005966 seconds
  Import took 0.008207 seconds .

========================================================================
Received Import Request.
  Time since last request: 0.103726 seconds.
  path: Assets/8-Bit Style Sound Effects/Lo-Fi_8-Bit_11025Hz [Tiny Files]/Hurt_C_02_8-Bit_11025Hz.wav
  artifactKey: Guid(19c47fcbd5c5b1a46bae17bc69ea130c) Importer(815301076,1909f56bfc062723c751e8b465ee728b)
Start importing Assets/8-Bit Style Sound Effects/Lo-Fi_8-Bit_11025Hz [Tiny Files]/Hurt_C_02_8-Bit_11025Hz.wav using Guid(19c47fcbd5c5b1a46bae17bc69ea130c) Importer(815301076,1909f56bfc062723c751e8b465ee728b)  -> (artifact id: 'a9488e8f606e5f956feffbcff517a288') in 0.008768 seconds
  Import took 0.010639 seconds .

========================================================================
Received Import Request.
  Time since last request: 0.002460 seconds.
  path: Assets/8-Bit Style Sound Effects/Lo-Fi_8-Bit_11025Hz [Tiny Files]/Hurt_C_09_8-Bit_11025Hz.wav
  artifactKey: Guid(470ff72c32a89f640b7f57ebfea165f5) Importer(815301076,1909f56bfc062723c751e8b465ee728b)
Start importing Assets/8-Bit Style Sound Effects/Lo-Fi_8-Bit_11025Hz [Tiny Files]/Hurt_C_09_8-Bit_11025Hz.wav using Guid(470ff72c32a89f640b7f57ebfea165f5) Importer(815301076,1909f56bfc062723c751e8b465ee728b)  -> (artifact id: 'c554bdb9062b640f104341421ba3c8d1') in 0.008406 seconds
  Import took 0.010881 seconds .

========================================================================
Received Import Request.
  Time since last request: 0.002793 seconds.
  path: Assets/8-Bit Style Sound Effects/Lo-Fi_8-Bit_11025Hz [Tiny Files]/Zap_C_07_8-Bit_11025Hz.wav
  artifactKey: Guid(ab68edafeed0fed4a90acd2fccd1ed22) Importer(815301076,1909f56bfc062723c751e8b465ee728b)
Start importing Assets/8-Bit Style Sound Effects/Lo-Fi_8-Bit_11025Hz [Tiny Files]/Zap_C_07_8-Bit_11025Hz.wav using Guid(ab68edafeed0fed4a90acd2fccd1ed22) Importer(815301076,1909f56bfc062723c751e8b465ee728b)  -> (artifact id: '82e0d62787c67bd815a00b077b7fa460') in 0.008620 seconds
  Import took 0.010503 seconds .

========================================================================
Received Import Request.
  Time since last request: 0.028199 seconds.
  path: Assets/8-Bit Style Sound Effects/Regular/Loading 01.wav
  artifactKey: Guid(3d6022909bdbb1845a85404a62d07b87) Importer(815301076,1909f56bfc062723c751e8b465ee728b)
Start importing Assets/8-Bit Style Sound Effects/Regular/Loading 01.wav using Guid(3d6022909bdbb1845a85404a62d07b87) Importer(815301076,1909f56bfc062723c751e8b465ee728b)  -> (artifact id: '3e5ea85c0b70d8602108c76362df1bec') in 0.009124 seconds
  Import took 0.011141 seconds .

========================================================================
Received Import Request.
  Time since last request: 0.072512 seconds.
  path: Assets/8-Bit Style Sound Effects/Lo-Fi_8-Bit_11025Hz [Tiny Files]
  artifactKey: Guid(2323a56d38a2f5a489a36e258cd5cc82) Importer(815301076,1909f56bfc062723c751e8b465ee728b)
Start importing Assets/8-Bit Style Sound Effects/Lo-Fi_8-Bit_11025Hz [Tiny Files] using Guid(2323a56d38a2f5a489a36e258cd5cc82) Importer(815301076,1909f56bfc062723c751e8b465ee728b)  -> (artifact id: '0fb55e8ae975dcbbc761aab0f1912dc1') in 0.005259 seconds
  Import took 0.007676 seconds .

========================================================================
Received Import Request.
  Time since last request: 0.040634 seconds.
  path: Assets/8-Bit Style Sound Effects/Regular/Hurt_C_09.wav
  artifactKey: Guid(89d1f80f8e6027f429fa5bc80ad739a9) Importer(815301076,1909f56bfc062723c751e8b465ee728b)
Start importing Assets/8-Bit Style Sound Effects/Regular/Hurt_C_09.wav using Guid(89d1f80f8e6027f429fa5bc80ad739a9) Importer(815301076,1909f56bfc062723c751e8b465ee728b)  -> (artifact id: 'f0859b8b93808cc92b72f34120ddcbf9') in 0.009385 seconds
  Import took 0.011346 seconds .

========================================================================
Received Import Request.
  Time since last request: 0.014116 seconds.
  path: Assets/8-Bit Style Sound Effects/Regular/Zap_C_05.wav
  artifactKey: Guid(ea86277161541264080d7e9db3a18476) Importer(815301076,1909f56bfc062723c751e8b465ee728b)
Start importing Assets/8-Bit Style Sound Effects/Regular/Zap_C_05.wav using Guid(ea86277161541264080d7e9db3a18476) Importer(815301076,1909f56bfc062723c751e8b465ee728b)  -> (artifact id: '29a31d019cbb579aa85118581c7e71e9') in 0.008437 seconds
  Import took 0.010664 seconds .

========================================================================
Received Import Request.
  Time since last request: 0.013760 seconds.
  path: Assets/8-Bit Style Sound Effects/Regular/Boom_C_03.wav
  artifactKey: Guid(b26132de33c123d4d8ff61769ff7ca56) Importer(815301076,1909f56bfc062723c751e8b465ee728b)
Start importing Assets/8-Bit Style Sound Effects/Regular/Boom_C_03.wav using Guid(b26132de33c123d4d8ff61769ff7ca56) Importer(815301076,1909f56bfc062723c751e8b465ee728b)  -> (artifact id: '14b9fc77bfaf5ccb7472fc073a482bfb') in 0.008855 seconds
  Import took 0.010867 seconds .

========================================================================
Received Import Request.
  Time since last request: 0.111109 seconds.
  path: Assets/8-Bit Style Sound Effects/Lo-Fi_8-Bit_11025Hz [Tiny Files]/Boom_C_03_8-Bit_11025Hz.wav
  artifactKey: Guid(995344392c130b043905054730c5826c) Importer(815301076,1909f56bfc062723c751e8b465ee728b)
Start importing Assets/8-Bit Style Sound Effects/Lo-Fi_8-Bit_11025Hz [Tiny Files]/Boom_C_03_8-Bit_11025Hz.wav using Guid(995344392c130b043905054730c5826c) Importer(815301076,1909f56bfc062723c751e8b465ee728b)  -> (artifact id: '69c0f1010b1ec42cbbc6e079997590d6') in 0.008015 seconds
  Import took 0.010447 seconds .

========================================================================
Received Import Request.
  Time since last request: 0.080787 seconds.
  path: Assets/8-Bit Style Sound Effects/Regular/Boom_C_02.wav
  artifactKey: Guid(cea6f68d3456c024aa6cc81acfba7c42) Importer(815301076,1909f56bfc062723c751e8b465ee728b)
Start importing Assets/8-Bit Style Sound Effects/Regular/Boom_C_02.wav using Guid(cea6f68d3456c024aa6cc81acfba7c42) Importer(815301076,1909f56bfc062723c751e8b465ee728b)  -> (artifact id: 'a5f7ba6a5fc97dc45c83e589540a6d10') in 0.008658 seconds
  Import took 0.010525 seconds .

========================================================================
Received Import Request.
  Time since last request: 0.095570 seconds.
  path: Assets/8-Bit Style Sound Effects/Lo-Fi_8-Bit_11025Hz [Tiny Files]/Boom_C_06_8-Bit_11025Hz.wav
  artifactKey: Guid(1b19d458a6bd84743913be3ff6bd56ca) Importer(815301076,1909f56bfc062723c751e8b465ee728b)
Start importing Assets/8-Bit Style Sound Effects/Lo-Fi_8-Bit_11025Hz [Tiny Files]/Boom_C_06_8-Bit_11025Hz.wav using Guid(1b19d458a6bd84743913be3ff6bd56ca) Importer(815301076,1909f56bfc062723c751e8b465ee728b)  -> (artifact id: '8e8a7b713bf3d2309e23250b8f6b57ad') in 0.008235 seconds
  Import took 0.010197 seconds .

========================================================================
Received Import Request.
  Time since last request: 0.064520 seconds.
  path: Assets/8-Bit Style Sound Effects/Regular/Boom_C_06.wav
  artifactKey: Guid(a5304f2aaa78b89428e2f642aa5db925) Importer(815301076,1909f56bfc062723c751e8b465ee728b)
Start importing Assets/8-Bit Style Sound Effects/Regular/Boom_C_06.wav using Guid(a5304f2aaa78b89428e2f642aa5db925) Importer(815301076,1909f56bfc062723c751e8b465ee728b)  -> (artifact id: '14294ff9c77d05a991eb4e3b9e768fb2') in 0.008145 seconds
  Import took 0.010046 seconds .

========================================================================
Received Import Request.
  Time since last request: 0.002951 seconds.
  path: Assets/8-Bit Style Sound Effects/Lo-Fi_8-Bit_11025Hz [Tiny Files]/Zap_C_08_8-Bit_11025Hz.wav
  artifactKey: Guid(63980496e29a3804cbeed29695a3aeb2) Importer(815301076,1909f56bfc062723c751e8b465ee728b)
Start importing Assets/8-Bit Style Sound Effects/Lo-Fi_8-Bit_11025Hz [Tiny Files]/Zap_C_08_8-Bit_11025Hz.wav using Guid(63980496e29a3804cbeed29695a3aeb2) Importer(815301076,1909f56bfc062723c751e8b465ee728b)  -> (artifact id: 'ce70c035b11e1f0812a331c12a6c73f7') in 0.008028 seconds
  Import took 0.010296 seconds .

========================================================================
Received Import Request.
  Time since last request: 0.042698 seconds.
  path: Assets/8-Bit Style Sound Effects/Lo-Fi_8-Bit_11025Hz [Tiny Files]/Sensor 02_8-Bit_11025Hz.wav
  artifactKey: Guid(a5d0a314d3bcdf943a8c8cdab68d3a50) Importer(815301076,1909f56bfc062723c751e8b465ee728b)
Start importing Assets/8-Bit Style Sound Effects/Lo-Fi_8-Bit_11025Hz [Tiny Files]/Sensor 02_8-Bit_11025Hz.wav using Guid(a5d0a314d3bcdf943a8c8cdab68d3a50) Importer(815301076,1909f56bfc062723c751e8b465ee728b)  -> (artifact id: 'dc1110556ac1d0188cea109da57f81ca') in 0.008072 seconds
  Import took 0.010297 seconds .

========================================================================
Received Import Request.
  Time since last request: 0.072096 seconds.
  path: Assets/8-Bit Style Sound Effects/Lo-Fi_8-Bit_11025Hz [Tiny Files]/Zap_C_01_8-Bit_11025Hz.wav
  artifactKey: Guid(cb58a8e1114b9064aae0a13710c65bd0) Importer(815301076,1909f56bfc062723c751e8b465ee728b)
Start importing Assets/8-Bit Style Sound Effects/Lo-Fi_8-Bit_11025Hz [Tiny Files]/Zap_C_01_8-Bit_11025Hz.wav using Guid(cb58a8e1114b9064aae0a13710c65bd0) Importer(815301076,1909f56bfc062723c751e8b465ee728b)  -> (artifact id: '83efa7383ed13dac63e761ac08bd23e8') in 0.008404 seconds
  Import took 0.010281 seconds .

========================================================================
Received Import Request.
  Time since last request: 0.002487 seconds.
  path: Assets/8-Bit Style Sound Effects/Regular/Blip_C_06.wav
  artifactKey: Guid(343d178b4ed1f9a419424aadfe23ff25) Importer(815301076,1909f56bfc062723c751e8b465ee728b)
Start importing Assets/8-Bit Style Sound Effects/Regular/Blip_C_06.wav using Guid(343d178b4ed1f9a419424aadfe23ff25) Importer(815301076,1909f56bfc062723c751e8b465ee728b)  -> (artifact id: 'a7941025c25a45e7bcda052d4cf49d0f') in 0.008420 seconds
  Import took 0.010375 seconds .

========================================================================
Received Import Request.
  Time since last request: 0.035734 seconds.
  path: Assets/8-Bit Style Sound Effects/Lo-Fi_8-Bit_11025Hz [Tiny Files]/Zap_C_03_8-Bit_11025Hz.wav
  artifactKey: Guid(242d16183cab6834086a4d5573941f66) Importer(815301076,1909f56bfc062723c751e8b465ee728b)
Start importing Assets/8-Bit Style Sound Effects/Lo-Fi_8-Bit_11025Hz [Tiny Files]/Zap_C_03_8-Bit_11025Hz.wav using Guid(242d16183cab6834086a4d5573941f66) Importer(815301076,1909f56bfc062723c751e8b465ee728b)  -> (artifact id: '562c7bab92be53933f66c031b37f860e') in 0.008134 seconds
  Import took 0.010025 seconds .

========================================================================
Received Import Request.
  Time since last request: 0.015479 seconds.
  path: Assets/8-Bit Style Sound Effects/Regular/Zap_C_09.wav
  artifactKey: Guid(f9bc0b97b4bd03c479dd8c396eb116ca) Importer(815301076,1909f56bfc062723c751e8b465ee728b)
Start importing Assets/8-Bit Style Sound Effects/Regular/Zap_C_09.wav using Guid(f9bc0b97b4bd03c479dd8c396eb116ca) Importer(815301076,1909f56bfc062723c751e8b465ee728b)  -> (artifact id: 'fd20ca399b89a85022e374b213786896') in 0.008609 seconds
  Import took 0.010577 seconds .

========================================================================
Received Import Request.
  Time since last request: 0.095930 seconds.
  path: Assets/8-Bit Style Sound Effects/Regular/Blip_C_03.wav
  artifactKey: Guid(becf2d19fedff7b479581f8ea2716d3c) Importer(815301076,1909f56bfc062723c751e8b465ee728b)
Start importing Assets/8-Bit Style Sound Effects/Regular/Blip_C_03.wav using Guid(becf2d19fedff7b479581f8ea2716d3c) Importer(815301076,1909f56bfc062723c751e8b465ee728b)  -> (artifact id: '1d24faea27f402775660d938e543afd9') in 0.008304 seconds
  Import took 0.010901 seconds .

========================================================================
Received Import Request.
  Time since last request: 0.042578 seconds.
  path: Assets/8-Bit Style Sound Effects/Regular/Hurt_C_08.wav
  artifactKey: Guid(b5bf5321322df7d46abe4847d1209e09) Importer(815301076,1909f56bfc062723c751e8b465ee728b)
Start importing Assets/8-Bit Style Sound Effects/Regular/Hurt_C_08.wav using Guid(b5bf5321322df7d46abe4847d1209e09) Importer(815301076,1909f56bfc062723c751e8b465ee728b)  -> (artifact id: 'e5b77fc411d53acf8154de340c08d0d2') in 0.008348 seconds
  Import took 0.010282 seconds .

========================================================================
Received Import Request.
  Time since last request: 0.115231 seconds.
  path: Assets/8-Bit Style Sound Effects/Lo-Fi_8-Bit_11025Hz [Tiny Files]/Blip_C_02_8-Bit_11025Hz.wav
  artifactKey: Guid(287714c74120797488f2baa3f148324a) Importer(815301076,1909f56bfc062723c751e8b465ee728b)
Start importing Assets/8-Bit Style Sound Effects/Lo-Fi_8-Bit_11025Hz [Tiny Files]/Blip_C_02_8-Bit_11025Hz.wav using Guid(287714c74120797488f2baa3f148324a) Importer(815301076,1909f56bfc062723c751e8b465ee728b)  -> (artifact id: '38dc16c17b45bf6e0823ff2ac0b2ebc2') in 0.009386 seconds
  Import took 0.011483 seconds .

========================================================================
Received Import Request.
  Time since last request: 0.007147 seconds.
  path: Assets/8-Bit Style Sound Effects/Regular/Boom_C_04.wav
  artifactKey: Guid(73dad77685ad7f245a328b263f8b4844) Importer(815301076,1909f56bfc062723c751e8b465ee728b)
Start importing Assets/8-Bit Style Sound Effects/Regular/Boom_C_04.wav using Guid(73dad77685ad7f245a328b263f8b4844) Importer(815301076,1909f56bfc062723c751e8b465ee728b)  -> (artifact id: 'aba6b66032124fb109cd539e86105c9f') in 0.008190 seconds
  Import took 0.010072 seconds .

========================================================================
Received Import Request.
  Time since last request: 30.855259 seconds.
  path: Assets/Scenes/ShootingGame.unity
  artifactKey: Guid(9fc0d4010bbf28b4594072e72b8655ab) Importer(815301076,1909f56bfc062723c751e8b465ee728b)
Start importing Assets/Scenes/ShootingGame.unity using Guid(9fc0d4010bbf28b4594072e72b8655ab) Importer(815301076,1909f56bfc062723c751e8b465ee728b)  -> (artifact id: 'c1d4a623b9b6da82678c575c3862dc0d') in 0.004697 seconds
  Import took 0.006691 seconds .

AssetImportWorkerClient::OnTransportError - code=2 error=End of file
